;  LST file generated by mikroListExporter - v.2.0 
; Date/Time: 03-Feb-18 03:36:44 AM
;----------------------------------------------

;Address Opcode 	ASM
0x0000	0x2A05      	GOTO       517
_Delay_1us:
;__Lib_Delays.c,7 :: 		void Delay_1us() {
;__Lib_Delays.c,8 :: 		Delay_us(1);
0x0003	0x0000      	NOP
0x0004	0x0000      	NOP
;__Lib_Delays.c,9 :: 		}
L_end_Delay_1us:
0x0005	0x0008      	RETURN
; end of _Delay_1us
_Delay_50us:
;__Lib_Delays.c,19 :: 		void Delay_50us() {
;__Lib_Delays.c,20 :: 		Delay_us(50);
0x0006	0x3021      	MOVLW      33
0x0007	0x1283      	BCF        STATUS, 5
0x0008	0x1303      	BCF        STATUS, 6
0x0009	0x00FD      	MOVWF      R13
L_Delay_50us2:
0x000A	0x0BFD      	DECFSZ     R13, 1
0x000B	0x280A      	GOTO       L_Delay_50us2
;__Lib_Delays.c,21 :: 		}
L_end_Delay_50us:
0x000C	0x0008      	RETURN
; end of _Delay_50us
_Delay_5500us:
;__Lib_Delays.c,31 :: 		void Delay_5500us() {
;__Lib_Delays.c,32 :: 		Delay_us(5500);
0x000D	0x300F      	MOVLW      15
0x000E	0x1283      	BCF        STATUS, 5
0x000F	0x1303      	BCF        STATUS, 6
0x0010	0x00FC      	MOVWF      R12
0x0011	0x3047      	MOVLW      71
0x0012	0x00FD      	MOVWF      R13
L_Delay_5500us5:
0x0013	0x0BFD      	DECFSZ     R13, 1
0x0014	0x2813      	GOTO       L_Delay_5500us5
0x0015	0x0BFC      	DECFSZ     R12, 1
0x0016	0x2813      	GOTO       L_Delay_5500us5
0x0017	0x0000      	NOP
0x0018	0x0000      	NOP
;__Lib_Delays.c,33 :: 		}
L_end_Delay_5500us:
0x0019	0x0008      	RETURN
; end of _Delay_5500us
_Lcd_Cmd:
;__Lib_Lcd.c,18 :: 		
;__Lib_Lcd.c,20 :: 		
0x001A	0x1683      	BSF        STATUS, 5
0x001B	0x1303      	BCF        STATUS, 6
0x001C	0x1BD3      	BTFSC      FARG_Lcd_Cmd_out_char, 7
0x001D	0x2821      	GOTO       L__Lcd_Cmd21
0x001E	0x1283      	BCF        STATUS, 5
0x001F	0x1188      	BCF        LCD_D7, BitPos(LCD_D7+0)
0x0020	0x2823      	GOTO       L__Lcd_Cmd22
L__Lcd_Cmd21:
0x0021	0x1283      	BCF        STATUS, 5
0x0022	0x1588      	BSF        LCD_D7, BitPos(LCD_D7+0)
L__Lcd_Cmd22:
;__Lib_Lcd.c,21 :: 		
0x0023	0x1683      	BSF        STATUS, 5
0x0024	0x1B53      	BTFSC      FARG_Lcd_Cmd_out_char, 6
0x0025	0x2829      	GOTO       L__Lcd_Cmd23
0x0026	0x1283      	BCF        STATUS, 5
0x0027	0x1108      	BCF        LCD_D6, BitPos(LCD_D6+0)
0x0028	0x282B      	GOTO       L__Lcd_Cmd24
L__Lcd_Cmd23:
0x0029	0x1283      	BCF        STATUS, 5
0x002A	0x1508      	BSF        LCD_D6, BitPos(LCD_D6+0)
L__Lcd_Cmd24:
;__Lib_Lcd.c,22 :: 		
0x002B	0x1683      	BSF        STATUS, 5
0x002C	0x1AD3      	BTFSC      FARG_Lcd_Cmd_out_char, 5
0x002D	0x2831      	GOTO       L__Lcd_Cmd25
0x002E	0x1283      	BCF        STATUS, 5
0x002F	0x1088      	BCF        LCD_D5, BitPos(LCD_D5+0)
0x0030	0x2833      	GOTO       L__Lcd_Cmd26
L__Lcd_Cmd25:
0x0031	0x1283      	BCF        STATUS, 5
0x0032	0x1488      	BSF        LCD_D5, BitPos(LCD_D5+0)
L__Lcd_Cmd26:
;__Lib_Lcd.c,23 :: 		
0x0033	0x1683      	BSF        STATUS, 5
0x0034	0x1A53      	BTFSC      FARG_Lcd_Cmd_out_char, 4
0x0035	0x2839      	GOTO       L__Lcd_Cmd27
0x0036	0x1283      	BCF        STATUS, 5
0x0037	0x1008      	BCF        LCD_D4, BitPos(LCD_D4+0)
0x0038	0x283B      	GOTO       L__Lcd_Cmd28
L__Lcd_Cmd27:
0x0039	0x1283      	BCF        STATUS, 5
0x003A	0x1408      	BSF        LCD_D4, BitPos(LCD_D4+0)
L__Lcd_Cmd28:
;__Lib_Lcd.c,25 :: 		
0x003B	0x1683      	BSF        STATUS, 5
0x003C	0x184B      	BTFSC      __Lib_Lcd_cmd_status, BitPos(__Lib_Lcd_cmd_status+0)
0x003D	0x2841      	GOTO       L__Lcd_Cmd29
0x003E	0x1283      	BCF        STATUS, 5
0x003F	0x1608      	BSF        LCD_RS, BitPos(LCD_RS+0)
0x0040	0x2843      	GOTO       L__Lcd_Cmd30
L__Lcd_Cmd29:
0x0041	0x1283      	BCF        STATUS, 5
0x0042	0x1208      	BCF        LCD_RS, BitPos(LCD_RS+0)
L__Lcd_Cmd30:
;__Lib_Lcd.c,28 :: 		
0x0043	0x1688      	BSF        LCD_EN, BitPos(LCD_EN+0)
;__Lib_Lcd.c,29 :: 		
0x0044	0x2003      	CALL       _Delay_1us
;__Lib_Lcd.c,30 :: 		
0x0045	0x1288      	BCF        LCD_EN, BitPos(LCD_EN+0)
;__Lib_Lcd.c,33 :: 		
0x0046	0x1683      	BSF        STATUS, 5
0x0047	0x19D3      	BTFSC      FARG_Lcd_Cmd_out_char, 3
0x0048	0x284C      	GOTO       L__Lcd_Cmd31
0x0049	0x1283      	BCF        STATUS, 5
0x004A	0x1188      	BCF        LCD_D7, BitPos(LCD_D7+0)
0x004B	0x284E      	GOTO       L__Lcd_Cmd32
L__Lcd_Cmd31:
0x004C	0x1283      	BCF        STATUS, 5
0x004D	0x1588      	BSF        LCD_D7, BitPos(LCD_D7+0)
L__Lcd_Cmd32:
;__Lib_Lcd.c,34 :: 		
0x004E	0x1683      	BSF        STATUS, 5
0x004F	0x1953      	BTFSC      FARG_Lcd_Cmd_out_char, 2
0x0050	0x2854      	GOTO       L__Lcd_Cmd33
0x0051	0x1283      	BCF        STATUS, 5
0x0052	0x1108      	BCF        LCD_D6, BitPos(LCD_D6+0)
0x0053	0x2856      	GOTO       L__Lcd_Cmd34
L__Lcd_Cmd33:
0x0054	0x1283      	BCF        STATUS, 5
0x0055	0x1508      	BSF        LCD_D6, BitPos(LCD_D6+0)
L__Lcd_Cmd34:
;__Lib_Lcd.c,35 :: 		
0x0056	0x1683      	BSF        STATUS, 5
0x0057	0x18D3      	BTFSC      FARG_Lcd_Cmd_out_char, 1
0x0058	0x285C      	GOTO       L__Lcd_Cmd35
0x0059	0x1283      	BCF        STATUS, 5
0x005A	0x1088      	BCF        LCD_D5, BitPos(LCD_D5+0)
0x005B	0x285E      	GOTO       L__Lcd_Cmd36
L__Lcd_Cmd35:
0x005C	0x1283      	BCF        STATUS, 5
0x005D	0x1488      	BSF        LCD_D5, BitPos(LCD_D5+0)
L__Lcd_Cmd36:
;__Lib_Lcd.c,36 :: 		
0x005E	0x1683      	BSF        STATUS, 5
0x005F	0x1853      	BTFSC      FARG_Lcd_Cmd_out_char, 0
0x0060	0x2864      	GOTO       L__Lcd_Cmd37
0x0061	0x1283      	BCF        STATUS, 5
0x0062	0x1008      	BCF        LCD_D4, BitPos(LCD_D4+0)
0x0063	0x2866      	GOTO       L__Lcd_Cmd38
L__Lcd_Cmd37:
0x0064	0x1283      	BCF        STATUS, 5
0x0065	0x1408      	BSF        LCD_D4, BitPos(LCD_D4+0)
L__Lcd_Cmd38:
;__Lib_Lcd.c,38 :: 		
0x0066	0x1683      	BSF        STATUS, 5
0x0067	0x184B      	BTFSC      __Lib_Lcd_cmd_status, BitPos(__Lib_Lcd_cmd_status+0)
0x0068	0x286C      	GOTO       L__Lcd_Cmd39
0x0069	0x1283      	BCF        STATUS, 5
0x006A	0x1608      	BSF        LCD_RS, BitPos(LCD_RS+0)
0x006B	0x286E      	GOTO       L__Lcd_Cmd40
L__Lcd_Cmd39:
0x006C	0x1283      	BCF        STATUS, 5
0x006D	0x1208      	BCF        LCD_RS, BitPos(LCD_RS+0)
L__Lcd_Cmd40:
;__Lib_Lcd.c,40 :: 		
0x006E	0x1688      	BSF        LCD_EN, BitPos(LCD_EN+0)
;__Lib_Lcd.c,41 :: 		
0x006F	0x2003      	CALL       _Delay_1us
;__Lib_Lcd.c,42 :: 		
0x0070	0x1288      	BCF        LCD_EN, BitPos(LCD_EN+0)
;__Lib_Lcd.c,44 :: 		
0x0071	0x1683      	BSF        STATUS, 5
0x0072	0x1C4B      	BTFSS      __Lib_Lcd_cmd_status, BitPos(__Lib_Lcd_cmd_status+0)
0x0073	0x2876      	GOTO       L_Lcd_Cmd0
;__Lib_Lcd.c,45 :: 		
0x0074	0x200D      	CALL       _Delay_5500us
0x0075	0x2877      	GOTO       L_Lcd_Cmd1
L_Lcd_Cmd0:
;__Lib_Lcd.c,47 :: 		
0x0076	0x2006      	CALL       _Delay_50us
L_Lcd_Cmd1:
;__Lib_Lcd.c,48 :: 		
L_end_Lcd_Cmd:
0x0077	0x0008      	RETURN
; end of _Lcd_Cmd
_strlen:
;__Lib_CString.c,136 :: 		
;__Lib_CString.c,139 :: 		
0x0078	0x1683      	BSF        STATUS, 5
0x0079	0x1303      	BCF        STATUS, 6
0x007A	0x0850      	MOVF       FARG_strlen_s, 0
0x007B	0x00F2      	MOVWF      R2
;__Lib_CString.c,140 :: 		
L_strlen36:
0x007C	0x0872      	MOVF       R2, 0
0x007D	0x00F0      	MOVWF      R0
0x007E	0x0AF2      	INCF       R2, 1
0x007F	0x0870      	MOVF       R0, 0
0x0080	0x0084      	MOVWF      FSR
0x0081	0x0800      	MOVF       INDF, 0
0x0082	0x1903      	BTFSC      STATUS, 2
0x0083	0x2885      	GOTO       L_strlen37
;__Lib_CString.c,141 :: 		
0x0084	0x287C      	GOTO       L_strlen36
L_strlen37:
;__Lib_CString.c,142 :: 		
0x0085	0x0850      	MOVF       FARG_strlen_s, 0
0x0086	0x0272      	SUBWF      R2, 0
0x0087	0x00F0      	MOVWF      R0
0x0088	0x3001      	MOVLW      1
0x0089	0x02F0      	SUBWF      R0, 1
0x008A	0x01F1      	CLRF       R0+1
0x008B	0x1C03      	BTFSS      STATUS, 0
0x008C	0x03F1      	DECF       R0+1, 1
;__Lib_CString.c,143 :: 		
L_end_strlen:
0x008D	0x0008      	RETURN
; end of _strlen
_strncmp:
;__Lib_CString.c,223 :: 		
;__Lib_CString.c,225 :: 		
L_strncmp58:
0x008E	0x1683      	BSF        STATUS, 5
0x008F	0x1303      	BCF        STATUS, 6
0x0090	0x0852      	MOVF       FARG_strncmp_len, 0
0x0091	0x00F0      	MOVWF      R0
0x0092	0x03D2      	DECF       FARG_strncmp_len, 1
0x0093	0x0870      	MOVF       R0, 0
0x0094	0x1903      	BTFSC      STATUS, 2
0x0095	0x28B6      	GOTO       L_strncmp59
;__Lib_CString.c,226 :: 		
0x0096	0x0850      	MOVF       FARG_strncmp_s1, 0
0x0097	0x0084      	MOVWF      FSR
0x0098	0x0800      	MOVF       INDF, 0
0x0099	0x3A00      	XORLW      0
0x009A	0x1903      	BTFSC      STATUS, 2
0x009B	0x28A7      	GOTO       L__strncmp85
0x009C	0x0851      	MOVF       FARG_strncmp_s2, 0
0x009D	0x0084      	MOVWF      FSR
0x009E	0x0800      	MOVF       INDF, 0
0x009F	0x00F1      	MOVWF      R1
0x00A0	0x0850      	MOVF       FARG_strncmp_s1, 0
0x00A1	0x0084      	MOVWF      FSR
0x00A2	0x0800      	MOVF       INDF, 0
0x00A3	0x0671      	XORWF      R1, 0
0x00A4	0x1D03      	BTFSS      STATUS, 2
0x00A5	0x28A7      	GOTO       L__strncmp85
0x00A6	0x28B3      	GOTO       L_strncmp62
L__strncmp85:
;__Lib_CString.c,227 :: 		
0x00A7	0x0850      	MOVF       FARG_strncmp_s1, 0
0x00A8	0x0084      	MOVWF      FSR
0x00A9	0x0800      	MOVF       INDF, 0
0x00AA	0x00F0      	MOVWF      R0
0x00AB	0x0851      	MOVF       FARG_strncmp_s2, 0
0x00AC	0x0084      	MOVWF      FSR
0x00AD	0x0800      	MOVF       INDF, 0
0x00AE	0x02F0      	SUBWF      R0, 1
0x00AF	0x01F1      	CLRF       R0+1
0x00B0	0x1C03      	BTFSS      STATUS, 0
0x00B1	0x03F1      	DECF       R0+1, 1
0x00B2	0x28B8      	GOTO       L_end_strncmp
L_strncmp62:
;__Lib_CString.c,228 :: 		
0x00B3	0x0AD0      	INCF       FARG_strncmp_s1, 1
;__Lib_CString.c,229 :: 		
0x00B4	0x0AD1      	INCF       FARG_strncmp_s2, 1
;__Lib_CString.c,230 :: 		
0x00B5	0x288E      	GOTO       L_strncmp58
L_strncmp59:
;__Lib_CString.c,231 :: 		
0x00B6	0x01F0      	CLRF       R0
0x00B7	0x01F1      	CLRF       R0+1
;__Lib_CString.c,232 :: 		
L_end_strncmp:
0x00B8	0x0008      	RETURN
; end of _strncmp
_Lcd_Chr_CP:
;__Lib_Lcd.c,50 :: 		
;__Lib_Lcd.c,52 :: 		
0x00B9	0x1683      	BSF        STATUS, 5
0x00BA	0x1303      	BCF        STATUS, 6
0x00BB	0x104B      	BCF        __Lib_Lcd_cmd_status, BitPos(__Lib_Lcd_cmd_status+0)
;__Lib_Lcd.c,53 :: 		
0x00BC	0x0850      	MOVF       FARG_Lcd_Chr_CP_out_char, 0
0x00BD	0x00D3      	MOVWF      FARG_Lcd_Cmd_out_char
0x00BE	0x201A      	CALL       _Lcd_Cmd
;__Lib_Lcd.c,54 :: 		
0x00BF	0x1683      	BSF        STATUS, 5
0x00C0	0x144B      	BSF        __Lib_Lcd_cmd_status, BitPos(__Lib_Lcd_cmd_status+0)
;__Lib_Lcd.c,55 :: 		
L_end_Lcd_Chr_CP:
0x00C1	0x0008      	RETURN
; end of _Lcd_Chr_CP
_strchr:
;__Lib_CString.c,102 :: 		
;__Lib_CString.c,103 :: 		
L_strchr26:
;__Lib_CString.c,104 :: 		
0x00C2	0x1683      	BSF        STATUS, 5
0x00C3	0x1303      	BCF        STATUS, 6
0x00C4	0x0850      	MOVF       FARG_strchr_ptr, 0
0x00C5	0x0084      	MOVWF      FSR
0x00C6	0x0800      	MOVF       INDF, 0
0x00C7	0x0651      	XORWF      FARG_strchr_chr, 0
0x00C8	0x1D03      	BTFSS      STATUS, 2
0x00C9	0x28CD      	GOTO       L_strchr29
;__Lib_CString.c,105 :: 		
0x00CA	0x0850      	MOVF       FARG_strchr_ptr, 0
0x00CB	0x00F0      	MOVWF      R0
0x00CC	0x28D8      	GOTO       L_end_strchr
L_strchr29:
;__Lib_CString.c,106 :: 		
0x00CD	0x0850      	MOVF       FARG_strchr_ptr, 0
0x00CE	0x00F0      	MOVWF      R0
0x00CF	0x0AD0      	INCF       FARG_strchr_ptr, 1
0x00D0	0x0870      	MOVF       R0, 0
0x00D1	0x0084      	MOVWF      FSR
0x00D2	0x0800      	MOVF       INDF, 0
0x00D3	0x00F0      	MOVWF      R0
0x00D4	0x0870      	MOVF       R0, 0
0x00D5	0x1D03      	BTFSS      STATUS, 2
0x00D6	0x28C2      	GOTO       L_strchr26
;__Lib_CString.c,108 :: 		
0x00D7	0x01F0      	CLRF       R0
;__Lib_CString.c,109 :: 		
L_end_strchr:
0x00D8	0x0008      	RETURN
; end of _strchr
_____DoICP:
;__Lib_System.c,6 :: 		
;__Lib_System.c,9 :: 		
0x00D9	0x1683      	BSF        STATUS, 5
0x00DA	0x1303      	BCF        STATUS, 6
0x00DB	0x0839      	MOVF       ___DoICPAddr+1, 0
0x00DC	0x008A      	MOVWF      PCLATH
;__Lib_System.c,10 :: 		
0x00DD	0x0838      	MOVF       ___DoICPAddr, 0
0x00DE	0x0082      	MOVWF      PCL
;__Lib_System.c,12 :: 		
L_end_____DoICP:
0x00DF	0x0008      	RETURN
; end of _____DoICP
_strstr:
;__Lib_CString.c,277 :: 		
;__Lib_CString.c,278 :: 		
L_strstr70:
0x00E0	0x1683      	BSF        STATUS, 5
0x00E1	0x1303      	BCF        STATUS, 6
0x00E2	0x084C      	MOVF       FARG_strstr_s1, 0
0x00E3	0x3A00      	XORLW      0
0x00E4	0x1903      	BTFSC      STATUS, 2
0x00E5	0x290A      	GOTO       L_strstr71
0x00E6	0x084C      	MOVF       FARG_strstr_s1, 0
0x00E7	0x0084      	MOVWF      FSR
0x00E8	0x0800      	MOVF       INDF, 0
0x00E9	0x1903      	BTFSC      STATUS, 2
0x00EA	0x290A      	GOTO       L_strstr71
L__strstr86:
;__Lib_CString.c,279 :: 		
0x00EB	0x084D      	MOVF       FARG_strstr_s2, 0
0x00EC	0x00D0      	MOVWF      FARG_strlen_s
0x00ED	0x2078      	CALL       _strlen
0x00EE	0x0870      	MOVF       R0, 0
0x00EF	0x00D2      	MOVWF      FARG_strncmp_len
0x00F0	0x084C      	MOVF       FARG_strstr_s1, 0
0x00F1	0x00D0      	MOVWF      FARG_strncmp_s1
0x00F2	0x084D      	MOVF       FARG_strstr_s2, 0
0x00F3	0x00D1      	MOVWF      FARG_strncmp_s2
0x00F4	0x208E      	CALL       _strncmp
0x00F5	0x3000      	MOVLW      0
0x00F6	0x0671      	XORWF      R0+1, 0
0x00F7	0x1D03      	BTFSS      STATUS, 2
0x00F8	0x28FB      	GOTO       L__strstr107
0x00F9	0x3000      	MOVLW      0
0x00FA	0x0670      	XORWF      R0, 0
L__strstr107:
0x00FB	0x1D03      	BTFSS      STATUS, 2
0x00FC	0x2900      	GOTO       L_strstr74
;__Lib_CString.c,280 :: 		
0x00FD	0x084C      	MOVF       FARG_strstr_s1, 0
0x00FE	0x00F0      	MOVWF      R0
0x00FF	0x290B      	GOTO       L_end_strstr
L_strstr74:
;__Lib_CString.c,281 :: 		
0x0100	0x0A4C      	INCF       FARG_strstr_s1, 0
0x0101	0x00D0      	MOVWF      FARG_strchr_ptr
0x0102	0x084D      	MOVF       FARG_strstr_s2, 0
0x0103	0x0084      	MOVWF      FSR
0x0104	0x0800      	MOVF       INDF, 0
0x0105	0x00D1      	MOVWF      FARG_strchr_chr
0x0106	0x20C2      	CALL       _strchr
0x0107	0x0870      	MOVF       R0, 0
0x0108	0x00CC      	MOVWF      FARG_strstr_s1
;__Lib_CString.c,282 :: 		
0x0109	0x28E0      	GOTO       L_strstr70
L_strstr71:
;__Lib_CString.c,283 :: 		
0x010A	0x01F0      	CLRF       R0
;__Lib_CString.c,284 :: 		
L_end_strstr:
0x010B	0x0008      	RETURN
; end of _strstr
_Lcd_Out:
;__Lib_Lcd.c,184 :: 		
;__Lib_Lcd.c,187 :: 		
0x010C	0x291E      	GOTO       L_Lcd_Out11
;__Lib_Lcd.c,188 :: 		
L_Lcd_Out13:
0x010D	0x3080      	MOVLW      128
0x010E	0x1683      	BSF        STATUS, 5
0x010F	0x1303      	BCF        STATUS, 6
0x0110	0x00CC      	MOVWF      FARG_Lcd_Out_row
0x0111	0x2931      	GOTO       L_Lcd_Out12
;__Lib_Lcd.c,189 :: 		
L_Lcd_Out14:
0x0112	0x30C0      	MOVLW      192
0x0113	0x00CC      	MOVWF      FARG_Lcd_Out_row
0x0114	0x2931      	GOTO       L_Lcd_Out12
;__Lib_Lcd.c,190 :: 		
L_Lcd_Out15:
0x0115	0x3094      	MOVLW      148
0x0116	0x00CC      	MOVWF      FARG_Lcd_Out_row
0x0117	0x2931      	GOTO       L_Lcd_Out12
;__Lib_Lcd.c,191 :: 		
L_Lcd_Out16:
0x0118	0x30D4      	MOVLW      212
0x0119	0x00CC      	MOVWF      FARG_Lcd_Out_row
0x011A	0x2931      	GOTO       L_Lcd_Out12
;__Lib_Lcd.c,192 :: 		
L_Lcd_Out17:
0x011B	0x3080      	MOVLW      128
0x011C	0x00CC      	MOVWF      FARG_Lcd_Out_row
;__Lib_Lcd.c,193 :: 		
0x011D	0x2931      	GOTO       L_Lcd_Out12
L_Lcd_Out11:
0x011E	0x1683      	BSF        STATUS, 5
0x011F	0x1303      	BCF        STATUS, 6
0x0120	0x084C      	MOVF       FARG_Lcd_Out_row, 0
0x0121	0x3A01      	XORLW      1
0x0122	0x1903      	BTFSC      STATUS, 2
0x0123	0x290D      	GOTO       L_Lcd_Out13
0x0124	0x084C      	MOVF       FARG_Lcd_Out_row, 0
0x0125	0x3A02      	XORLW      2
0x0126	0x1903      	BTFSC      STATUS, 2
0x0127	0x2912      	GOTO       L_Lcd_Out14
0x0128	0x084C      	MOVF       FARG_Lcd_Out_row, 0
0x0129	0x3A03      	XORLW      3
0x012A	0x1903      	BTFSC      STATUS, 2
0x012B	0x2915      	GOTO       L_Lcd_Out15
0x012C	0x084C      	MOVF       FARG_Lcd_Out_row, 0
0x012D	0x3A04      	XORLW      4
0x012E	0x1903      	BTFSC      STATUS, 2
0x012F	0x2918      	GOTO       L_Lcd_Out16
0x0130	0x291B      	GOTO       L_Lcd_Out17
L_Lcd_Out12:
;__Lib_Lcd.c,194 :: 		
0x0131	0x034D      	DECF       FARG_Lcd_Out_column, 0
0x0132	0x00F0      	MOVWF      R0
0x0133	0x084C      	MOVF       FARG_Lcd_Out_row, 0
0x0134	0x07F0      	ADDWF      R0, 1
0x0135	0x0870      	MOVF       R0, 0
0x0136	0x00CC      	MOVWF      FARG_Lcd_Out_row
;__Lib_Lcd.c,196 :: 		
0x0137	0x0870      	MOVF       R0, 0
0x0138	0x00D3      	MOVWF      FARG_Lcd_Cmd_out_char
0x0139	0x201A      	CALL       _Lcd_Cmd
;__Lib_Lcd.c,197 :: 		
0x013A	0x1683      	BSF        STATUS, 5
0x013B	0x104B      	BCF        __Lib_Lcd_cmd_status, BitPos(__Lib_Lcd_cmd_status+0)
;__Lib_Lcd.c,198 :: 		
0x013C	0x01CF      	CLRF       Lcd_Out_i_L0
;__Lib_Lcd.c,199 :: 		
L_Lcd_Out18:
0x013D	0x084F      	MOVF       Lcd_Out_i_L0, 0
0x013E	0x074E      	ADDWF      FARG_Lcd_Out_text, 0
0x013F	0x0084      	MOVWF      FSR
0x0140	0x0800      	MOVF       INDF, 0
0x0141	0x1903      	BTFSC      STATUS, 2
0x0142	0x294B      	GOTO       L_Lcd_Out19
;__Lib_Lcd.c,200 :: 		
0x0143	0x084F      	MOVF       Lcd_Out_i_L0, 0
0x0144	0x074E      	ADDWF      FARG_Lcd_Out_text, 0
0x0145	0x0084      	MOVWF      FSR
0x0146	0x0800      	MOVF       INDF, 0
0x0147	0x00D0      	MOVWF      FARG_Lcd_Chr_CP_out_char
0x0148	0x20B9      	CALL       _Lcd_Chr_CP
0x0149	0x0ACF      	INCF       Lcd_Out_i_L0, 1
0x014A	0x293D      	GOTO       L_Lcd_Out18
L_Lcd_Out19:
;__Lib_Lcd.c,201 :: 		
0x014B	0x144B      	BSF        __Lib_Lcd_cmd_status, BitPos(__Lib_Lcd_cmd_status+0)
;__Lib_Lcd.c,202 :: 		
L_end_Lcd_Out:
0x014C	0x0008      	RETURN
; end of _Lcd_Out
_UART1_Read:
;__Lib_UART_c67.c,21 :: 		
;__Lib_UART_c67.c,24 :: 		
0x014D	0x1283      	BCF        STATUS, 5
0x014E	0x1303      	BCF        STATUS, 6
0x014F	0x081A      	MOVF       RCREG, 0
0x0150	0x00F1      	MOVWF      R1
;__Lib_UART_c67.c,25 :: 		
0x0151	0x1C98      	BTFSS      RCSTA, 1
0x0152	0x2955      	GOTO       L_UART1_Read2
;__Lib_UART_c67.c,26 :: 		
0x0153	0x1218      	BCF        RCSTA, 4
;__Lib_UART_c67.c,27 :: 		
0x0154	0x1618      	BSF        RCSTA, 4
;__Lib_UART_c67.c,28 :: 		
L_UART1_Read2:
;__Lib_UART_c67.c,29 :: 		
0x0155	0x0871      	MOVF       R1, 0
0x0156	0x00F0      	MOVWF      R0
;__Lib_UART_c67.c,30 :: 		
L_end_UART1_Read:
0x0157	0x0008      	RETURN
; end of _UART1_Read
_strcmp:
;__Lib_CString.c,115 :: 		
;__Lib_CString.c,117 :: 		
L_strcmp30:
0x0158	0x1683      	BSF        STATUS, 5
0x0159	0x1303      	BCF        STATUS, 6
0x015A	0x084C      	MOVF       FARG_strcmp_s1, 0
0x015B	0x0084      	MOVWF      FSR
0x015C	0x0800      	MOVF       INDF, 0
0x015D	0x1903      	BTFSC      STATUS, 2
0x015E	0x296C      	GOTO       L_strcmp31
0x015F	0x084C      	MOVF       FARG_strcmp_s1, 0
0x0160	0x0084      	MOVWF      FSR
0x0161	0x0800      	MOVF       INDF, 0
0x0162	0x00F1      	MOVWF      R1
0x0163	0x084D      	MOVF       FARG_strcmp_s2, 0
0x0164	0x0084      	MOVWF      FSR
0x0165	0x0871      	MOVF       R1, 0
0x0166	0x0600      	XORWF      INDF, 0
0x0167	0x1D03      	BTFSS      STATUS, 2
0x0168	0x296C      	GOTO       L_strcmp31
L__strcmp81:
;__Lib_CString.c,118 :: 		
0x0169	0x0ACC      	INCF       FARG_strcmp_s1, 1
0x016A	0x0ACD      	INCF       FARG_strcmp_s2, 1
0x016B	0x2958      	GOTO       L_strcmp30
L_strcmp31:
;__Lib_CString.c,120 :: 		
0x016C	0x084C      	MOVF       FARG_strcmp_s1, 0
0x016D	0x0084      	MOVWF      FSR
0x016E	0x0800      	MOVF       INDF, 0
0x016F	0x00F0      	MOVWF      R0
0x0170	0x084D      	MOVF       FARG_strcmp_s2, 0
0x0171	0x0084      	MOVWF      FSR
0x0172	0x0800      	MOVF       INDF, 0
0x0173	0x02F0      	SUBWF      R0, 1
0x0174	0x01F1      	CLRF       R0+1
0x0175	0x1C03      	BTFSS      STATUS, 0
0x0176	0x03F1      	DECF       R0+1, 1
;__Lib_CString.c,121 :: 		
L_end_strcmp:
0x0177	0x0008      	RETURN
; end of _strcmp
___CC2DW:
;__Lib_System.c,134 :: 		
;__Lib_System.c,137 :: 		
_CC2D_Loop1:
;__Lib_System.c,139 :: 		
0x0178	0x20D9      	CALL       _____DoICP
0x0179	0x118A      	BCF        PCLATH, 3
0x017A	0x120A      	BCF        PCLATH, 4
;__Lib_System.c,141 :: 		
0x017B	0x0080      	MOVWF      INDF
;__Lib_System.c,142 :: 		
0x017C	0x0A84      	INCF       FSR, 1
;__Lib_System.c,143 :: 		
0x017D	0x0AB8      	INCF       ___DoICPAddr, 1
;__Lib_System.c,145 :: 		
0x017E	0x1903      	BTFSC      STATUS, 2
;__Lib_System.c,146 :: 		
0x017F	0x0AB9      	INCF       ___DoICPAddr+1, 1
;__Lib_System.c,147 :: 		
0x0180	0x03F0      	DECF       R0, 1
;__Lib_System.c,149 :: 		
0x0181	0x1D03      	BTFSS      STATUS, 2
;__Lib_System.c,150 :: 		
0x0182	0x2978      	GOTO       _CC2D_Loop1
;__Lib_System.c,152 :: 		
L_end___CC2DW:
0x0183	0x0008      	RETURN
; end of ___CC2DW
_UART1_Init:
;__Lib_UART_c67.c,2 :: 		
;__Lib_UART_c67.c,5 :: 		
0x0184	0x1683      	BSF        STATUS, 5
0x0185	0x1303      	BCF        STATUS, 6
0x0186	0x1698      	BSF        TXSTA, 5
;__Lib_UART_c67.c,6 :: 		
0x0187	0x3090      	MOVLW      144
0x0188	0x1283      	BCF        STATUS, 5
0x0189	0x0098      	MOVWF      RCSTA
;__Lib_UART_c67.c,7 :: 		
0x018A	0x1683      	BSF        STATUS, 5
0x018B	0x1787      	BSF        TRISC7_bit, BitPos(TRISC7_bit+0)
;__Lib_UART_c67.c,8 :: 		
0x018C	0x1307      	BCF        TRISC6_bit, BitPos(TRISC6_bit+0)
;__Lib_UART_c67.c,10 :: 		
L_UART1_Init0:
0x018D	0x1283      	BCF        STATUS, 5
0x018E	0x1E8C      	BTFSS      PIR1, 5
0x018F	0x2993      	GOTO       L_UART1_Init1
;__Lib_UART_c67.c,11 :: 		
0x0190	0x081A      	MOVF       RCREG, 0
0x0191	0x00F0      	MOVWF      R0
0x0192	0x298D      	GOTO       L_UART1_Init0
L_UART1_Init1:
;__Lib_UART_c67.c,12 :: 		
L_end_UART1_Init:
0x0193	0x0008      	RETURN
; end of _UART1_Init
_strcpy:
;__Lib_CString.c,126 :: 		
;__Lib_CString.c,129 :: 		
0x0194	0x1683      	BSF        STATUS, 5
0x0195	0x1303      	BCF        STATUS, 6
0x0196	0x084C      	MOVF       FARG_strcpy_to, 0
0x0197	0x00F2      	MOVWF      R2
;__Lib_CString.c,130 :: 		
L_strcpy34:
0x0198	0x0872      	MOVF       R2, 0
0x0199	0x00F1      	MOVWF      R1
0x019A	0x0AF2      	INCF       R2, 1
0x019B	0x084D      	MOVF       FARG_strcpy_from, 0
0x019C	0x00F0      	MOVWF      R0
0x019D	0x0ACD      	INCF       FARG_strcpy_from, 1
0x019E	0x0870      	MOVF       R0, 0
0x019F	0x0084      	MOVWF      FSR
0x01A0	0x0800      	MOVF       INDF, 0
0x01A1	0x00F0      	MOVWF      R0
0x01A2	0x0871      	MOVF       R1, 0
0x01A3	0x0084      	MOVWF      FSR
0x01A4	0x0870      	MOVF       R0, 0
0x01A5	0x0080      	MOVWF      INDF
0x01A6	0x0871      	MOVF       R1, 0
0x01A7	0x0084      	MOVWF      FSR
0x01A8	0x0800      	MOVF       INDF, 0
0x01A9	0x1903      	BTFSC      STATUS, 2
0x01AA	0x29AC      	GOTO       L_strcpy35
;__Lib_CString.c,131 :: 		
0x01AB	0x2998      	GOTO       L_strcpy34
L_strcpy35:
;__Lib_CString.c,132 :: 		
0x01AC	0x084C      	MOVF       FARG_strcpy_to, 0
0x01AD	0x00F0      	MOVWF      R0
;__Lib_CString.c,133 :: 		
L_end_strcpy:
0x01AE	0x0008      	RETURN
; end of _strcpy
_Lcd_Init:
;__Lib_Lcd.c,84 :: 		
;__Lib_Lcd.c,86 :: 		
0x01AF	0x1683      	BSF        STATUS, 5
0x01B0	0x1303      	BCF        STATUS, 6
0x01B1	0x1288      	BCF        LCD_EN_Direction, BitPos(LCD_EN_Direction+0)
;__Lib_Lcd.c,87 :: 		
0x01B2	0x1208      	BCF        LCD_RS_Direction, BitPos(LCD_RS_Direction+0)
;__Lib_Lcd.c,88 :: 		
0x01B3	0x1008      	BCF        LCD_D4_Direction, BitPos(LCD_D4_Direction+0)
;__Lib_Lcd.c,89 :: 		
0x01B4	0x1088      	BCF        LCD_D5_Direction, BitPos(LCD_D5_Direction+0)
;__Lib_Lcd.c,90 :: 		
0x01B5	0x1108      	BCF        LCD_D6_Direction, BitPos(LCD_D6_Direction+0)
;__Lib_Lcd.c,91 :: 		
0x01B6	0x1188      	BCF        LCD_D7_Direction, BitPos(LCD_D7_Direction+0)
;__Lib_Lcd.c,93 :: 		
0x01B7	0x1283      	BCF        STATUS, 5
0x01B8	0x1288      	BCF        LCD_EN, BitPos(LCD_EN+0)
;__Lib_Lcd.c,94 :: 		
0x01B9	0x1208      	BCF        LCD_RS, BitPos(LCD_RS+0)
;__Lib_Lcd.c,95 :: 		
0x01BA	0x1188      	BCF        LCD_D7, BitPos(LCD_D7+0)
;__Lib_Lcd.c,96 :: 		
0x01BB	0x1108      	BCF        LCD_D6, BitPos(LCD_D6+0)
;__Lib_Lcd.c,97 :: 		
0x01BC	0x1088      	BCF        LCD_D5, BitPos(LCD_D5+0)
;__Lib_Lcd.c,98 :: 		
0x01BD	0x1008      	BCF        LCD_D4, BitPos(LCD_D4+0)
;__Lib_Lcd.c,100 :: 		
0x01BE	0x200D      	CALL       _Delay_5500us
;__Lib_Lcd.c,101 :: 		
0x01BF	0x200D      	CALL       _Delay_5500us
;__Lib_Lcd.c,102 :: 		
0x01C0	0x200D      	CALL       _Delay_5500us
;__Lib_Lcd.c,105 :: 		
0x01C1	0x1488      	BSF        LCD_D5, BitPos(LCD_D5+0)
;__Lib_Lcd.c,106 :: 		
0x01C2	0x1408      	BSF        LCD_D4, BitPos(LCD_D4+0)
;__Lib_Lcd.c,107 :: 		
0x01C3	0x1688      	BSF        LCD_EN, BitPos(LCD_EN+0)
;__Lib_Lcd.c,108 :: 		
0x01C4	0x2003      	CALL       _Delay_1us
;__Lib_Lcd.c,109 :: 		
0x01C5	0x1288      	BCF        LCD_EN, BitPos(LCD_EN+0)
;__Lib_Lcd.c,110 :: 		
0x01C6	0x200D      	CALL       _Delay_5500us
;__Lib_Lcd.c,112 :: 		
0x01C7	0x1688      	BSF        LCD_EN, BitPos(LCD_EN+0)
;__Lib_Lcd.c,113 :: 		
0x01C8	0x2003      	CALL       _Delay_1us
;__Lib_Lcd.c,114 :: 		
0x01C9	0x1288      	BCF        LCD_EN, BitPos(LCD_EN+0)
;__Lib_Lcd.c,115 :: 		
0x01CA	0x200D      	CALL       _Delay_5500us
;__Lib_Lcd.c,117 :: 		
0x01CB	0x1688      	BSF        LCD_EN, BitPos(LCD_EN+0)
;__Lib_Lcd.c,118 :: 		
0x01CC	0x2003      	CALL       _Delay_1us
;__Lib_Lcd.c,119 :: 		
0x01CD	0x1288      	BCF        LCD_EN, BitPos(LCD_EN+0)
;__Lib_Lcd.c,120 :: 		
0x01CE	0x200D      	CALL       _Delay_5500us
;__Lib_Lcd.c,123 :: 		
0x01CF	0x1008      	BCF        LCD_D4, BitPos(LCD_D4+0)
;__Lib_Lcd.c,124 :: 		
0x01D0	0x1688      	BSF        LCD_EN, BitPos(LCD_EN+0)
;__Lib_Lcd.c,125 :: 		
0x01D1	0x2003      	CALL       _Delay_1us
;__Lib_Lcd.c,126 :: 		
0x01D2	0x1288      	BCF        LCD_EN, BitPos(LCD_EN+0)
;__Lib_Lcd.c,127 :: 		
0x01D3	0x200D      	CALL       _Delay_5500us
;__Lib_Lcd.c,130 :: 		
0x01D4	0x1688      	BSF        LCD_EN, BitPos(LCD_EN+0)
;__Lib_Lcd.c,131 :: 		
0x01D5	0x2003      	CALL       _Delay_1us
;__Lib_Lcd.c,132 :: 		
0x01D6	0x1288      	BCF        LCD_EN, BitPos(LCD_EN+0)
;__Lib_Lcd.c,134 :: 		
0x01D7	0x1088      	BCF        LCD_D5, BitPos(LCD_D5+0)
;__Lib_Lcd.c,135 :: 		
0x01D8	0x1588      	BSF        LCD_D7, BitPos(LCD_D7+0)
;__Lib_Lcd.c,136 :: 		
0x01D9	0x1688      	BSF        LCD_EN, BitPos(LCD_EN+0)
;__Lib_Lcd.c,137 :: 		
0x01DA	0x2003      	CALL       _Delay_1us
;__Lib_Lcd.c,138 :: 		
0x01DB	0x1288      	BCF        LCD_EN, BitPos(LCD_EN+0)
;__Lib_Lcd.c,139 :: 		
0x01DC	0x200D      	CALL       _Delay_5500us
;__Lib_Lcd.c,142 :: 		
0x01DD	0x1188      	BCF        LCD_D7, BitPos(LCD_D7+0)
;__Lib_Lcd.c,143 :: 		
0x01DE	0x1408      	BSF        LCD_D4, BitPos(LCD_D4+0)
;__Lib_Lcd.c,144 :: 		
0x01DF	0x1688      	BSF        LCD_EN, BitPos(LCD_EN+0)
;__Lib_Lcd.c,145 :: 		
0x01E0	0x2003      	CALL       _Delay_1us
;__Lib_Lcd.c,146 :: 		
0x01E1	0x1288      	BCF        LCD_EN, BitPos(LCD_EN+0)
;__Lib_Lcd.c,148 :: 		
0x01E2	0x1008      	BCF        LCD_D4, BitPos(LCD_D4+0)
;__Lib_Lcd.c,149 :: 		
0x01E3	0x1688      	BSF        LCD_EN, BitPos(LCD_EN+0)
;__Lib_Lcd.c,150 :: 		
0x01E4	0x2003      	CALL       _Delay_1us
;__Lib_Lcd.c,151 :: 		
0x01E5	0x1288      	BCF        LCD_EN, BitPos(LCD_EN+0)
;__Lib_Lcd.c,152 :: 		
0x01E6	0x200D      	CALL       _Delay_5500us
;__Lib_Lcd.c,155 :: 		
0x01E7	0x1688      	BSF        LCD_EN, BitPos(LCD_EN+0)
;__Lib_Lcd.c,156 :: 		
0x01E8	0x2003      	CALL       _Delay_1us
;__Lib_Lcd.c,157 :: 		
0x01E9	0x1288      	BCF        LCD_EN, BitPos(LCD_EN+0)
;__Lib_Lcd.c,159 :: 		
0x01EA	0x1408      	BSF        LCD_D4, BitPos(LCD_D4+0)
;__Lib_Lcd.c,160 :: 		
0x01EB	0x1688      	BSF        LCD_EN, BitPos(LCD_EN+0)
;__Lib_Lcd.c,161 :: 		
0x01EC	0x2003      	CALL       _Delay_1us
;__Lib_Lcd.c,162 :: 		
0x01ED	0x1288      	BCF        LCD_EN, BitPos(LCD_EN+0)
;__Lib_Lcd.c,163 :: 		
0x01EE	0x200D      	CALL       _Delay_5500us
;__Lib_Lcd.c,166 :: 		
0x01EF	0x1008      	BCF        LCD_D4, BitPos(LCD_D4+0)
;__Lib_Lcd.c,167 :: 		
0x01F0	0x1688      	BSF        LCD_EN, BitPos(LCD_EN+0)
;__Lib_Lcd.c,168 :: 		
0x01F1	0x2003      	CALL       _Delay_1us
;__Lib_Lcd.c,169 :: 		
0x01F2	0x1288      	BCF        LCD_EN, BitPos(LCD_EN+0)
;__Lib_Lcd.c,171 :: 		
0x01F3	0x1588      	BSF        LCD_D7, BitPos(LCD_D7+0)
;__Lib_Lcd.c,172 :: 		
0x01F4	0x1508      	BSF        LCD_D6, BitPos(LCD_D6+0)
;__Lib_Lcd.c,173 :: 		
0x01F5	0x1488      	BSF        LCD_D5, BitPos(LCD_D5+0)
;__Lib_Lcd.c,174 :: 		
0x01F6	0x1408      	BSF        LCD_D4, BitPos(LCD_D4+0)
;__Lib_Lcd.c,175 :: 		
0x01F7	0x1688      	BSF        LCD_EN, BitPos(LCD_EN+0)
;__Lib_Lcd.c,176 :: 		
0x01F8	0x2003      	CALL       _Delay_1us
;__Lib_Lcd.c,177 :: 		
0x01F9	0x1288      	BCF        LCD_EN, BitPos(LCD_EN+0)
;__Lib_Lcd.c,179 :: 		
0x01FA	0x200D      	CALL       _Delay_5500us
;__Lib_Lcd.c,181 :: 		
0x01FB	0x1683      	BSF        STATUS, 5
0x01FC	0x144B      	BSF        __Lib_Lcd_cmd_status, BitPos(__Lib_Lcd_cmd_status+0)
;__Lib_Lcd.c,182 :: 		
L_end_Lcd_Init:
0x01FD	0x0008      	RETURN
; end of _Lcd_Init
_UART1_Data_Ready:
;__Lib_UART_c67.c,16 :: 		
;__Lib_UART_c67.c,17 :: 		
0x01FE	0x3000      	MOVLW      0
0x01FF	0x1283      	BCF        STATUS, 5
0x0200	0x1303      	BCF        STATUS, 6
0x0201	0x1A8C      	BTFSC      PIR1, 5
0x0202	0x3001      	MOVLW      1
0x0203	0x00F0      	MOVWF      R0
;__Lib_UART_c67.c,18 :: 		
L_end_UART1_Data_Ready:
0x0204	0x0008      	RETURN
; end of _UART1_Data_Ready
_main:
0x0205	0x23FA      	CALL       1018
;MyProject.c,19 :: 		void main() {
;MyProject.c,23 :: 		Lcd_Init();
0x0206	0x21AF      	CALL       _Lcd_Init
;MyProject.c,24 :: 		Lcd_Cmd(_LCD_CURSOR_OFF);
0x0207	0x300C      	MOVLW      12
0x0208	0x00D3      	MOVWF      FARG_Lcd_Cmd_out_char
0x0209	0x201A      	CALL       _Lcd_Cmd
;MyProject.c,25 :: 		Lcd_Cmd(_LCD_CLEAR);
0x020A	0x3001      	MOVLW      1
0x020B	0x1683      	BSF        STATUS, 5
0x020C	0x00D3      	MOVWF      FARG_Lcd_Cmd_out_char
0x020D	0x201A      	CALL       _Lcd_Cmd
;MyProject.c,26 :: 		UART1_Init(9600);
0x020E	0x3033      	MOVLW      51
0x020F	0x1683      	BSF        STATUS, 5
0x0210	0x0099      	MOVWF      SPBRG
0x0211	0x1518      	BSF        TXSTA, 2
0x0212	0x2184      	CALL       _UART1_Init
;MyProject.c,27 :: 		Delay_ms(50);
0x0213	0x3082      	MOVLW      130
0x0214	0x00FC      	MOVWF      R12
0x0215	0x30DD      	MOVLW      221
0x0216	0x00FD      	MOVWF      R13
L_main0:
0x0217	0x0BFD      	DECFSZ     R13, 1
0x0218	0x2A17      	GOTO       L_main0
0x0219	0x0BFC      	DECFSZ     R12, 1
0x021A	0x2A17      	GOTO       L_main0
0x021B	0x0000      	NOP
0x021C	0x0000      	NOP
;MyProject.c,28 :: 		while(1)
L_main1:
;MyProject.c,30 :: 		i=0;
0x021D	0x1683      	BSF        STATUS, 5
0x021E	0x01C9      	CLRF       _i
0x021F	0x01CA      	CLRF       _i+1
;MyProject.c,31 :: 		while(1)         {
L_main3:
;MyProject.c,32 :: 		Delay_ms(50);
0x0220	0x3082      	MOVLW      130
0x0221	0x00FC      	MOVWF      R12
0x0222	0x30DD      	MOVLW      221
0x0223	0x00FD      	MOVWF      R13
L_main5:
0x0224	0x0BFD      	DECFSZ     R13, 1
0x0225	0x2A24      	GOTO       L_main5
0x0226	0x0BFC      	DECFSZ     R12, 1
0x0227	0x2A24      	GOTO       L_main5
0x0228	0x0000      	NOP
0x0229	0x0000      	NOP
;MyProject.c,33 :: 		if (UART1_Data_Ready())
0x022A	0x21FE      	CALL       _UART1_Data_Ready
0x022B	0x0870      	MOVF       R0, 0
0x022C	0x1903      	BTFSC      STATUS, 2
0x022D	0x2A3A      	GOTO       L_main6
;MyProject.c,35 :: 		uart_rd = UART1_Read();
0x022E	0x214D      	CALL       _UART1_Read
0x022F	0x0870      	MOVF       R0, 0
0x0230	0x00EF      	MOVWF      _uart_rd
;MyProject.c,36 :: 		string[i]=uart_rd;
0x0231	0x1683      	BSF        STATUS, 5
0x0232	0x0849      	MOVF       _i, 0
0x0233	0x3EBA      	ADDLW      _string
0x0234	0x0084      	MOVWF      FSR
0x0235	0x0870      	MOVF       R0, 0
0x0236	0x0080      	MOVWF      INDF
;MyProject.c,37 :: 		i++;
0x0237	0x0AC9      	INCF       _i, 1
0x0238	0x1903      	BTFSC      STATUS, 2
0x0239	0x0ACA      	INCF       _i+1, 1
;MyProject.c,38 :: 		}
L_main6:
;MyProject.c,39 :: 		Delay_ms(50);
0x023A	0x3082      	MOVLW      130
0x023B	0x00FC      	MOVWF      R12
0x023C	0x30DD      	MOVLW      221
0x023D	0x00FD      	MOVWF      R13
L_main7:
0x023E	0x0BFD      	DECFSZ     R13, 1
0x023F	0x2A3E      	GOTO       L_main7
0x0240	0x0BFC      	DECFSZ     R12, 1
0x0241	0x2A3E      	GOTO       L_main7
0x0242	0x0000      	NOP
0x0243	0x0000      	NOP
;MyProject.c,40 :: 		if (!UART1_Data_Ready()&&i!=0)
0x0244	0x21FE      	CALL       _UART1_Data_Ready
0x0245	0x0870      	MOVF       R0, 0
0x0246	0x1D03      	BTFSS      STATUS, 2
0x0247	0x2A52      	GOTO       L_main10
0x0248	0x3000      	MOVLW      0
0x0249	0x1683      	BSF        STATUS, 5
0x024A	0x064A      	XORWF      _i+1, 0
0x024B	0x1D03      	BTFSS      STATUS, 2
0x024C	0x2A4F      	GOTO       L__main37
0x024D	0x3000      	MOVLW      0
0x024E	0x0649      	XORWF      _i, 0
L__main37:
0x024F	0x1903      	BTFSC      STATUS, 2
0x0250	0x2A52      	GOTO       L_main10
L__main35:
;MyProject.c,43 :: 		break;
0x0251	0x2A53      	GOTO       L_main4
;MyProject.c,46 :: 		}
L_main10:
;MyProject.c,47 :: 		}
0x0252	0x2A20      	GOTO       L_main3
L_main4:
0x0253	0x1683      	BSF        STATUS, 5
;MyProject.c,48 :: 		Lcd_Cmd(_LCD_CLEAR);
0x0254	0x3001      	MOVLW      1
0x0255	0x00D3      	MOVWF      FARG_Lcd_Cmd_out_char
0x0256	0x201A      	CALL       _Lcd_Cmd
;MyProject.c,49 :: 		Lcd_Out(1,1,string);
0x0257	0x3001      	MOVLW      1
0x0258	0x1683      	BSF        STATUS, 5
0x0259	0x00CC      	MOVWF      FARG_Lcd_Out_row
0x025A	0x3001      	MOVLW      1
0x025B	0x00CD      	MOVWF      FARG_Lcd_Out_column
0x025C	0x30BA      	MOVLW      _string
0x025D	0x00CE      	MOVWF      FARG_Lcd_Out_text
0x025E	0x210C      	CALL       _Lcd_Out
;MyProject.c,51 :: 		if(strcmp(strstr(string,"ADD"),"ADD")==0){
0x025F	0x30BA      	MOVLW      _string
0x0260	0x00CC      	MOVWF      FARG_strstr_s1
0x0261	0x3028      	MOVLW      ?lstr1_MyProject
0x0262	0x00CD      	MOVWF      FARG_strstr_s2
0x0263	0x20E0      	CALL       _strstr
0x0264	0x0870      	MOVF       R0, 0
0x0265	0x00CC      	MOVWF      FARG_strcmp_s1
0x0266	0x3024      	MOVLW      ?lstr2_MyProject
0x0267	0x00CD      	MOVWF      FARG_strcmp_s2
0x0268	0x2158      	CALL       _strcmp
0x0269	0x3000      	MOVLW      0
0x026A	0x0671      	XORWF      R0+1, 0
0x026B	0x1D03      	BTFSS      STATUS, 2
0x026C	0x2A6F      	GOTO       L__main38
0x026D	0x3000      	MOVLW      0
0x026E	0x0670      	XORWF      R0, 0
L__main38:
0x026F	0x1D03      	BTFSS      STATUS, 2
0x0270	0x2AE8      	GOTO       L_main11
;MyProject.c,52 :: 		Lcd_Out(2,1,strstr(string,"ADD"));
0x0271	0x30BA      	MOVLW      _string
0x0272	0x00CC      	MOVWF      FARG_strstr_s1
0x0273	0x3020      	MOVLW      ?lstr3_MyProject
0x0274	0x00CD      	MOVWF      FARG_strstr_s2
0x0275	0x20E0      	CALL       _strstr
0x0276	0x0870      	MOVF       R0, 0
0x0277	0x00CE      	MOVWF      FARG_Lcd_Out_text
0x0278	0x3002      	MOVLW      2
0x0279	0x00CC      	MOVWF      FARG_Lcd_Out_row
0x027A	0x3001      	MOVLW      1
0x027B	0x00CD      	MOVWF      FARG_Lcd_Out_column
0x027C	0x210C      	CALL       _Lcd_Out
;MyProject.c,53 :: 		while(strcmp(strstr(string,"START"),"START")!=0){
L_main12:
0x027D	0x30BA      	MOVLW      _string
0x027E	0x00CC      	MOVWF      FARG_strstr_s1
0x027F	0x302C      	MOVLW      ?lstr4_MyProject
0x0280	0x00CD      	MOVWF      FARG_strstr_s2
0x0281	0x20E0      	CALL       _strstr
0x0282	0x0870      	MOVF       R0, 0
0x0283	0x00CC      	MOVWF      FARG_strcmp_s1
0x0284	0x303E      	MOVLW      ?lstr5_MyProject
0x0285	0x00CD      	MOVWF      FARG_strcmp_s2
0x0286	0x2158      	CALL       _strcmp
0x0287	0x3000      	MOVLW      0
0x0288	0x0671      	XORWF      R0+1, 0
0x0289	0x1D03      	BTFSS      STATUS, 2
0x028A	0x2A8D      	GOTO       L__main39
0x028B	0x3000      	MOVLW      0
0x028C	0x0670      	XORWF      R0, 0
L__main39:
0x028D	0x1903      	BTFSC      STATUS, 2
0x028E	0x2AE8      	GOTO       L_main13
;MyProject.c,54 :: 		i=0;
0x028F	0x01C9      	CLRF       _i
0x0290	0x01CA      	CLRF       _i+1
;MyProject.c,55 :: 		while(1)         {
L_main14:
;MyProject.c,56 :: 		Delay_ms(50);
0x0291	0x3082      	MOVLW      130
0x0292	0x00FC      	MOVWF      R12
0x0293	0x30DD      	MOVLW      221
0x0294	0x00FD      	MOVWF      R13
L_main16:
0x0295	0x0BFD      	DECFSZ     R13, 1
0x0296	0x2A95      	GOTO       L_main16
0x0297	0x0BFC      	DECFSZ     R12, 1
0x0298	0x2A95      	GOTO       L_main16
0x0299	0x0000      	NOP
0x029A	0x0000      	NOP
;MyProject.c,57 :: 		if (UART1_Data_Ready())
0x029B	0x21FE      	CALL       _UART1_Data_Ready
0x029C	0x0870      	MOVF       R0, 0
0x029D	0x1903      	BTFSC      STATUS, 2
0x029E	0x2AAB      	GOTO       L_main17
;MyProject.c,59 :: 		uart_rd = UART1_Read();
0x029F	0x214D      	CALL       _UART1_Read
0x02A0	0x0870      	MOVF       R0, 0
0x02A1	0x00EF      	MOVWF      _uart_rd
;MyProject.c,60 :: 		string[i]=uart_rd;
0x02A2	0x1683      	BSF        STATUS, 5
0x02A3	0x0849      	MOVF       _i, 0
0x02A4	0x3EBA      	ADDLW      _string
0x02A5	0x0084      	MOVWF      FSR
0x02A6	0x0870      	MOVF       R0, 0
0x02A7	0x0080      	MOVWF      INDF
;MyProject.c,61 :: 		i++;
0x02A8	0x0AC9      	INCF       _i, 1
0x02A9	0x1903      	BTFSC      STATUS, 2
0x02AA	0x0ACA      	INCF       _i+1, 1
;MyProject.c,62 :: 		}
L_main17:
;MyProject.c,63 :: 		Delay_ms(50);
0x02AB	0x3082      	MOVLW      130
0x02AC	0x00FC      	MOVWF      R12
0x02AD	0x30DD      	MOVLW      221
0x02AE	0x00FD      	MOVWF      R13
L_main18:
0x02AF	0x0BFD      	DECFSZ     R13, 1
0x02B0	0x2AAF      	GOTO       L_main18
0x02B1	0x0BFC      	DECFSZ     R12, 1
0x02B2	0x2AAF      	GOTO       L_main18
0x02B3	0x0000      	NOP
0x02B4	0x0000      	NOP
;MyProject.c,64 :: 		if (!UART1_Data_Ready()&&i!=0)
0x02B5	0x21FE      	CALL       _UART1_Data_Ready
0x02B6	0x0870      	MOVF       R0, 0
0x02B7	0x1D03      	BTFSS      STATUS, 2
0x02B8	0x2AC3      	GOTO       L_main21
0x02B9	0x3000      	MOVLW      0
0x02BA	0x1683      	BSF        STATUS, 5
0x02BB	0x064A      	XORWF      _i+1, 0
0x02BC	0x1D03      	BTFSS      STATUS, 2
0x02BD	0x2AC0      	GOTO       L__main40
0x02BE	0x3000      	MOVLW      0
0x02BF	0x0649      	XORWF      _i, 0
L__main40:
0x02C0	0x1903      	BTFSC      STATUS, 2
0x02C1	0x2AC3      	GOTO       L_main21
L__main34:
;MyProject.c,67 :: 		break;
0x02C2	0x2AC4      	GOTO       L_main15
;MyProject.c,70 :: 		}
L_main21:
;MyProject.c,71 :: 		}
0x02C3	0x2A91      	GOTO       L_main14
L_main15:
0x02C4	0x1683      	BSF        STATUS, 5
;MyProject.c,72 :: 		if(strcmp(strstr(string,"START"),"START")==0){
0x02C5	0x30BA      	MOVLW      _string
0x02C6	0x00CC      	MOVWF      FARG_strstr_s1
0x02C7	0x3038      	MOVLW      ?lstr6_MyProject
0x02C8	0x00CD      	MOVWF      FARG_strstr_s2
0x02C9	0x20E0      	CALL       _strstr
0x02CA	0x0870      	MOVF       R0, 0
0x02CB	0x00CC      	MOVWF      FARG_strcmp_s1
0x02CC	0x3032      	MOVLW      ?lstr7_MyProject
0x02CD	0x00CD      	MOVWF      FARG_strcmp_s2
0x02CE	0x2158      	CALL       _strcmp
0x02CF	0x3000      	MOVLW      0
0x02D0	0x0671      	XORWF      R0+1, 0
0x02D1	0x1D03      	BTFSS      STATUS, 2
0x02D2	0x2AD5      	GOTO       L__main41
0x02D3	0x3000      	MOVLW      0
0x02D4	0x0670      	XORWF      R0, 0
L__main41:
0x02D5	0x1D03      	BTFSS      STATUS, 2
0x02D6	0x2AE7      	GOTO       L_main22
;MyProject.c,74 :: 		Lcd_Cmd(_LCD_CLEAR);
0x02D7	0x3001      	MOVLW      1
0x02D8	0x00D3      	MOVWF      FARG_Lcd_Cmd_out_char
0x02D9	0x201A      	CALL       _Lcd_Cmd
;MyProject.c,75 :: 		Lcd_Out(2,1,strstr(string,"START"));
0x02DA	0x30BA      	MOVLW      _string
0x02DB	0x1683      	BSF        STATUS, 5
0x02DC	0x00CC      	MOVWF      FARG_strstr_s1
0x02DD	0x3069      	MOVLW      ?lstr8_MyProject
0x02DE	0x00CD      	MOVWF      FARG_strstr_s2
0x02DF	0x20E0      	CALL       _strstr
0x02E0	0x0870      	MOVF       R0, 0
0x02E1	0x00CE      	MOVWF      FARG_Lcd_Out_text
0x02E2	0x3002      	MOVLW      2
0x02E3	0x00CC      	MOVWF      FARG_Lcd_Out_row
0x02E4	0x3001      	MOVLW      1
0x02E5	0x00CD      	MOVWF      FARG_Lcd_Out_column
0x02E6	0x210C      	CALL       _Lcd_Out
;MyProject.c,76 :: 		} }
L_main22:
0x02E7	0x2A7D      	GOTO       L_main12
L_main13:
;MyProject.c,77 :: 		}
L_main11:
;MyProject.c,78 :: 		if(strcmp(strstr(string,"ERASE"),"ERASE")==0){
0x02E8	0x30BA      	MOVLW      _string
0x02E9	0x00CC      	MOVWF      FARG_strstr_s1
0x02EA	0x3063      	MOVLW      ?lstr9_MyProject
0x02EB	0x00CD      	MOVWF      FARG_strstr_s2
0x02EC	0x20E0      	CALL       _strstr
0x02ED	0x0870      	MOVF       R0, 0
0x02EE	0x00CC      	MOVWF      FARG_strcmp_s1
0x02EF	0x305D      	MOVLW      ?lstr10_MyProject
0x02F0	0x00CD      	MOVWF      FARG_strcmp_s2
0x02F1	0x2158      	CALL       _strcmp
0x02F2	0x3000      	MOVLW      0
0x02F3	0x0671      	XORWF      R0+1, 0
0x02F4	0x1D03      	BTFSS      STATUS, 2
0x02F5	0x2AF8      	GOTO       L__main42
0x02F6	0x3000      	MOVLW      0
0x02F7	0x0670      	XORWF      R0, 0
L__main42:
0x02F8	0x1D03      	BTFSS      STATUS, 2
0x02F9	0x2B68      	GOTO       L_main23
;MyProject.c,79 :: 		Lcd_Out(2,1,strstr(string,"ERASE"));
0x02FA	0x30BA      	MOVLW      _string
0x02FB	0x00CC      	MOVWF      FARG_strstr_s1
0x02FC	0x30A0      	MOVLW      ?lstr11_MyProject
0x02FD	0x00CD      	MOVWF      FARG_strstr_s2
0x02FE	0x20E0      	CALL       _strstr
0x02FF	0x0870      	MOVF       R0, 0
0x0300	0x00CE      	MOVWF      FARG_Lcd_Out_text
0x0301	0x3002      	MOVLW      2
0x0302	0x00CC      	MOVWF      FARG_Lcd_Out_row
0x0303	0x3001      	MOVLW      1
0x0304	0x00CD      	MOVWF      FARG_Lcd_Out_column
0x0305	0x210C      	CALL       _Lcd_Out
;MyProject.c,80 :: 		while(strcmp(strstr(string,"START"),"START")!=0){
L_main24:
0x0306	0x30BA      	MOVLW      _string
0x0307	0x00CC      	MOVWF      FARG_strstr_s1
0x0308	0x30B2      	MOVLW      ?lstr12_MyProject
0x0309	0x00CD      	MOVWF      FARG_strstr_s2
0x030A	0x20E0      	CALL       _strstr
0x030B	0x0870      	MOVF       R0, 0
0x030C	0x00CC      	MOVWF      FARG_strcmp_s1
0x030D	0x30AC      	MOVLW      ?lstr13_MyProject
0x030E	0x00CD      	MOVWF      FARG_strcmp_s2
0x030F	0x2158      	CALL       _strcmp
0x0310	0x3000      	MOVLW      0
0x0311	0x0671      	XORWF      R0+1, 0
0x0312	0x1D03      	BTFSS      STATUS, 2
0x0313	0x2B16      	GOTO       L__main43
0x0314	0x3000      	MOVLW      0
0x0315	0x0670      	XORWF      R0, 0
L__main43:
0x0316	0x1903      	BTFSC      STATUS, 2
0x0317	0x2B68      	GOTO       L_main25
;MyProject.c,81 :: 		i=0;
0x0318	0x01C9      	CLRF       _i
0x0319	0x01CA      	CLRF       _i+1
;MyProject.c,82 :: 		while(1)         {
L_main26:
;MyProject.c,83 :: 		Delay_ms(50);
0x031A	0x3082      	MOVLW      130
0x031B	0x00FC      	MOVWF      R12
0x031C	0x30DD      	MOVLW      221
0x031D	0x00FD      	MOVWF      R13
L_main28:
0x031E	0x0BFD      	DECFSZ     R13, 1
0x031F	0x2B1E      	GOTO       L_main28
0x0320	0x0BFC      	DECFSZ     R12, 1
0x0321	0x2B1E      	GOTO       L_main28
0x0322	0x0000      	NOP
0x0323	0x0000      	NOP
;MyProject.c,84 :: 		if (UART1_Data_Ready())
0x0324	0x21FE      	CALL       _UART1_Data_Ready
0x0325	0x0870      	MOVF       R0, 0
0x0326	0x1903      	BTFSC      STATUS, 2
0x0327	0x2B34      	GOTO       L_main29
;MyProject.c,86 :: 		uart_rd = UART1_Read();
0x0328	0x214D      	CALL       _UART1_Read
0x0329	0x0870      	MOVF       R0, 0
0x032A	0x00EF      	MOVWF      _uart_rd
;MyProject.c,87 :: 		string[i]=uart_rd;
0x032B	0x1683      	BSF        STATUS, 5
0x032C	0x0849      	MOVF       _i, 0
0x032D	0x3EBA      	ADDLW      _string
0x032E	0x0084      	MOVWF      FSR
0x032F	0x0870      	MOVF       R0, 0
0x0330	0x0080      	MOVWF      INDF
;MyProject.c,88 :: 		i++;
0x0331	0x0AC9      	INCF       _i, 1
0x0332	0x1903      	BTFSC      STATUS, 2
0x0333	0x0ACA      	INCF       _i+1, 1
;MyProject.c,89 :: 		}
L_main29:
;MyProject.c,90 :: 		Delay_ms(50);
0x0334	0x3082      	MOVLW      130
0x0335	0x00FC      	MOVWF      R12
0x0336	0x30DD      	MOVLW      221
0x0337	0x00FD      	MOVWF      R13
L_main30:
0x0338	0x0BFD      	DECFSZ     R13, 1
0x0339	0x2B38      	GOTO       L_main30
0x033A	0x0BFC      	DECFSZ     R12, 1
0x033B	0x2B38      	GOTO       L_main30
0x033C	0x0000      	NOP
0x033D	0x0000      	NOP
;MyProject.c,91 :: 		if (!UART1_Data_Ready())
0x033E	0x21FE      	CALL       _UART1_Data_Ready
0x033F	0x0870      	MOVF       R0, 0
0x0340	0x1D03      	BTFSS      STATUS, 2
0x0341	0x2B43      	GOTO       L_main31
;MyProject.c,94 :: 		break;
0x0342	0x2B44      	GOTO       L_main27
;MyProject.c,97 :: 		}
L_main31:
;MyProject.c,98 :: 		}
0x0343	0x2B1A      	GOTO       L_main26
L_main27:
;MyProject.c,99 :: 		if(strcmp(strstr(string,"START"),"START")==0){
0x0344	0x30BA      	MOVLW      _string
0x0345	0x1683      	BSF        STATUS, 5
0x0346	0x00CC      	MOVWF      FARG_strstr_s1
0x0347	0x30A6      	MOVLW      ?lstr14_MyProject
0x0348	0x00CD      	MOVWF      FARG_strstr_s2
0x0349	0x20E0      	CALL       _strstr
0x034A	0x0870      	MOVF       R0, 0
0x034B	0x00CC      	MOVWF      FARG_strcmp_s1
0x034C	0x304E      	MOVLW      ?lstr15_MyProject
0x034D	0x00CD      	MOVWF      FARG_strcmp_s2
0x034E	0x2158      	CALL       _strcmp
0x034F	0x3000      	MOVLW      0
0x0350	0x0671      	XORWF      R0+1, 0
0x0351	0x1D03      	BTFSS      STATUS, 2
0x0352	0x2B55      	GOTO       L__main44
0x0353	0x3000      	MOVLW      0
0x0354	0x0670      	XORWF      R0, 0
L__main44:
0x0355	0x1D03      	BTFSS      STATUS, 2
0x0356	0x2B67      	GOTO       L_main32
;MyProject.c,101 :: 		Lcd_Cmd(_LCD_CLEAR);
0x0357	0x3001      	MOVLW      1
0x0358	0x00D3      	MOVWF      FARG_Lcd_Cmd_out_char
0x0359	0x201A      	CALL       _Lcd_Cmd
;MyProject.c,102 :: 		Lcd_Out(2,1,strstr(string,"START"));
0x035A	0x30BA      	MOVLW      _string
0x035B	0x1683      	BSF        STATUS, 5
0x035C	0x00CC      	MOVWF      FARG_strstr_s1
0x035D	0x3048      	MOVLW      ?lstr16_MyProject
0x035E	0x00CD      	MOVWF      FARG_strstr_s2
0x035F	0x20E0      	CALL       _strstr
0x0360	0x0870      	MOVF       R0, 0
0x0361	0x00CE      	MOVWF      FARG_Lcd_Out_text
0x0362	0x3002      	MOVLW      2
0x0363	0x00CC      	MOVWF      FARG_Lcd_Out_row
0x0364	0x3001      	MOVLW      1
0x0365	0x00CD      	MOVWF      FARG_Lcd_Out_column
0x0366	0x210C      	CALL       _Lcd_Out
;MyProject.c,103 :: 		}
L_main32:
;MyProject.c,104 :: 		}
0x0367	0x2B06      	GOTO       L_main24
L_main25:
;MyProject.c,105 :: 		}
L_main23:
;MyProject.c,106 :: 		if(strcmp(strstr(string,"END"),"END")==0){
0x0368	0x30BA      	MOVLW      _string
0x0369	0x00CC      	MOVWF      FARG_strstr_s1
0x036A	0x3044      	MOVLW      ?lstr17_MyProject
0x036B	0x00CD      	MOVWF      FARG_strstr_s2
0x036C	0x20E0      	CALL       _strstr
0x036D	0x0870      	MOVF       R0, 0
0x036E	0x00CC      	MOVWF      FARG_strcmp_s1
0x036F	0x3054      	MOVLW      ?lstr18_MyProject
0x0370	0x00CD      	MOVWF      FARG_strcmp_s2
0x0371	0x2158      	CALL       _strcmp
0x0372	0x3000      	MOVLW      0
0x0373	0x0671      	XORWF      R0+1, 0
0x0374	0x1D03      	BTFSS      STATUS, 2
0x0375	0x2B78      	GOTO       L__main45
0x0376	0x3000      	MOVLW      0
0x0377	0x0670      	XORWF      R0, 0
L__main45:
0x0378	0x1D03      	BTFSS      STATUS, 2
0x0379	0x2B86      	GOTO       L_main33
;MyProject.c,107 :: 		Lcd_Out(2,1,strstr(string,"END"));
0x037A	0x30BA      	MOVLW      _string
0x037B	0x00CC      	MOVWF      FARG_strstr_s1
0x037C	0x3059      	MOVLW      ?lstr19_MyProject
0x037D	0x00CD      	MOVWF      FARG_strstr_s2
0x037E	0x20E0      	CALL       _strstr
0x037F	0x0870      	MOVF       R0, 0
0x0380	0x00CE      	MOVWF      FARG_Lcd_Out_text
0x0381	0x3002      	MOVLW      2
0x0382	0x00CC      	MOVWF      FARG_Lcd_Out_row
0x0383	0x3001      	MOVLW      1
0x0384	0x00CD      	MOVWF      FARG_Lcd_Out_column
0x0385	0x210C      	CALL       _Lcd_Out
;MyProject.c,109 :: 		}
L_main33:
;MyProject.c,110 :: 		strcpy(string,"");
0x0386	0x30BA      	MOVLW      _string
0x0387	0x00CC      	MOVWF      FARG_strcpy_to
0x0388	0x3058      	MOVLW      ?lstr20_MyProject
0x0389	0x00CD      	MOVWF      FARG_strcpy_from
0x038A	0x2194      	CALL       _strcpy
;MyProject.c,111 :: 		}
0x038B	0x2A1D      	GOTO       L_main1
;MyProject.c,114 :: 		}
L_end_main:
0x038C	0x2B8C      	GOTO       $+0
; end of _main
0x03FA	0x3020      	MOVLW      32
0x03FB	0x0084      	MOVWF      FSR
0x03FC	0x304F      	MOVLW      79
0x03FD	0x1283      	BCF        STATUS, 5
0x03FE	0x1303      	BCF        STATUS, 6
0x03FF	0x00F0      	MOVWF      R0
0x0400	0x3092      	MOVLW      146
0x0401	0x1683      	BSF        STATUS, 5
0x0402	0x00B8      	MOVWF      ___DoICPAddr
0x0403	0x3003      	MOVLW      3
0x0404	0x00B9      	MOVWF      185
0x0405	0x2178      	CALL       376
0x0406	0x30A0      	MOVLW      160
0x0407	0x0084      	MOVWF      FSR
0x0408	0x3018      	MOVLW      24
0x0409	0x00F0      	MOVWF      R0
0x040A	0x30E1      	MOVLW      225
0x040B	0x1683      	BSF        STATUS, 5
0x040C	0x00B8      	MOVWF      ___DoICPAddr
0x040D	0x3003      	MOVLW      3
0x040E	0x00B9      	MOVWF      185
0x040F	0x2178      	CALL       376
0x0410	0x0008      	RETURN
;MyProject.c,0 :: ?ICS?lstr3_MyProject
0x0392	0x3441 ;?ICS?lstr3_MyProject+0
0x0393	0x3444 ;?ICS?lstr3_MyProject+1
0x0394	0x3444 ;?ICS?lstr3_MyProject+2
0x0395	0x3400 ;?ICS?lstr3_MyProject+3
; end of ?ICS?lstr3_MyProject
;MyProject.c,0 :: ?ICS?lstr2_MyProject
0x0396	0x3441 ;?ICS?lstr2_MyProject+0
0x0397	0x3444 ;?ICS?lstr2_MyProject+1
0x0398	0x3444 ;?ICS?lstr2_MyProject+2
0x0399	0x3400 ;?ICS?lstr2_MyProject+3
; end of ?ICS?lstr2_MyProject
;MyProject.c,0 :: ?ICS?lstr1_MyProject
0x039A	0x3441 ;?ICS?lstr1_MyProject+0
0x039B	0x3444 ;?ICS?lstr1_MyProject+1
0x039C	0x3444 ;?ICS?lstr1_MyProject+2
0x039D	0x3400 ;?ICS?lstr1_MyProject+3
; end of ?ICS?lstr1_MyProject
;MyProject.c,0 :: ?ICS?lstr4_MyProject
0x039E	0x3453 ;?ICS?lstr4_MyProject+0
0x039F	0x3454 ;?ICS?lstr4_MyProject+1
0x03A0	0x3441 ;?ICS?lstr4_MyProject+2
0x03A1	0x3452 ;?ICS?lstr4_MyProject+3
0x03A2	0x3454 ;?ICS?lstr4_MyProject+4
0x03A3	0x3400 ;?ICS?lstr4_MyProject+5
; end of ?ICS?lstr4_MyProject
;MyProject.c,0 :: ?ICS?lstr7_MyProject
0x03A4	0x3453 ;?ICS?lstr7_MyProject+0
0x03A5	0x3454 ;?ICS?lstr7_MyProject+1
0x03A6	0x3441 ;?ICS?lstr7_MyProject+2
0x03A7	0x3452 ;?ICS?lstr7_MyProject+3
0x03A8	0x3454 ;?ICS?lstr7_MyProject+4
0x03A9	0x3400 ;?ICS?lstr7_MyProject+5
; end of ?ICS?lstr7_MyProject
;MyProject.c,0 :: ?ICS?lstr6_MyProject
0x03AA	0x3453 ;?ICS?lstr6_MyProject+0
0x03AB	0x3454 ;?ICS?lstr6_MyProject+1
0x03AC	0x3441 ;?ICS?lstr6_MyProject+2
0x03AD	0x3452 ;?ICS?lstr6_MyProject+3
0x03AE	0x3454 ;?ICS?lstr6_MyProject+4
0x03AF	0x3400 ;?ICS?lstr6_MyProject+5
; end of ?ICS?lstr6_MyProject
;MyProject.c,0 :: ?ICS?lstr5_MyProject
0x03B0	0x3453 ;?ICS?lstr5_MyProject+0
0x03B1	0x3454 ;?ICS?lstr5_MyProject+1
0x03B2	0x3441 ;?ICS?lstr5_MyProject+2
0x03B3	0x3452 ;?ICS?lstr5_MyProject+3
0x03B4	0x3454 ;?ICS?lstr5_MyProject+4
0x03B5	0x3400 ;?ICS?lstr5_MyProject+5
; end of ?ICS?lstr5_MyProject
;MyProject.c,0 :: ?ICS?lstr17_MyProject
0x03B6	0x3445 ;?ICS?lstr17_MyProject+0
0x03B7	0x344E ;?ICS?lstr17_MyProject+1
0x03B8	0x3444 ;?ICS?lstr17_MyProject+2
0x03B9	0x3400 ;?ICS?lstr17_MyProject+3
; end of ?ICS?lstr17_MyProject
;MyProject.c,0 :: ?ICS?lstr16_MyProject
0x03BA	0x3453 ;?ICS?lstr16_MyProject+0
0x03BB	0x3454 ;?ICS?lstr16_MyProject+1
0x03BC	0x3441 ;?ICS?lstr16_MyProject+2
0x03BD	0x3452 ;?ICS?lstr16_MyProject+3
0x03BE	0x3454 ;?ICS?lstr16_MyProject+4
0x03BF	0x3400 ;?ICS?lstr16_MyProject+5
; end of ?ICS?lstr16_MyProject
;MyProject.c,0 :: ?ICS?lstr15_MyProject
0x03C0	0x3453 ;?ICS?lstr15_MyProject+0
0x03C1	0x3454 ;?ICS?lstr15_MyProject+1
0x03C2	0x3441 ;?ICS?lstr15_MyProject+2
0x03C3	0x3452 ;?ICS?lstr15_MyProject+3
0x03C4	0x3454 ;?ICS?lstr15_MyProject+4
0x03C5	0x3400 ;?ICS?lstr15_MyProject+5
; end of ?ICS?lstr15_MyProject
;MyProject.c,0 :: ?ICS?lstr18_MyProject
0x03C6	0x3445 ;?ICS?lstr18_MyProject+0
0x03C7	0x344E ;?ICS?lstr18_MyProject+1
0x03C8	0x3444 ;?ICS?lstr18_MyProject+2
0x03C9	0x3400 ;?ICS?lstr18_MyProject+3
; end of ?ICS?lstr18_MyProject
;MyProject.c,0 :: ?ICS?lstr20_MyProject
0x03CA	0x3400 ;?ICS?lstr20_MyProject+0
; end of ?ICS?lstr20_MyProject
;MyProject.c,0 :: ?ICS?lstr19_MyProject
0x03CB	0x3445 ;?ICS?lstr19_MyProject+0
0x03CC	0x344E ;?ICS?lstr19_MyProject+1
0x03CD	0x3444 ;?ICS?lstr19_MyProject+2
0x03CE	0x3400 ;?ICS?lstr19_MyProject+3
; end of ?ICS?lstr19_MyProject
;MyProject.c,0 :: ?ICS?lstr10_MyProject
0x03CF	0x3445 ;?ICS?lstr10_MyProject+0
0x03D0	0x3452 ;?ICS?lstr10_MyProject+1
0x03D1	0x3441 ;?ICS?lstr10_MyProject+2
0x03D2	0x3453 ;?ICS?lstr10_MyProject+3
0x03D3	0x3445 ;?ICS?lstr10_MyProject+4
0x03D4	0x3400 ;?ICS?lstr10_MyProject+5
; end of ?ICS?lstr10_MyProject
;MyProject.c,0 :: ?ICS?lstr9_MyProject
0x03D5	0x3445 ;?ICS?lstr9_MyProject+0
0x03D6	0x3452 ;?ICS?lstr9_MyProject+1
0x03D7	0x3441 ;?ICS?lstr9_MyProject+2
0x03D8	0x3453 ;?ICS?lstr9_MyProject+3
0x03D9	0x3445 ;?ICS?lstr9_MyProject+4
0x03DA	0x3400 ;?ICS?lstr9_MyProject+5
; end of ?ICS?lstr9_MyProject
;MyProject.c,0 :: ?ICS?lstr8_MyProject
0x03DB	0x3453 ;?ICS?lstr8_MyProject+0
0x03DC	0x3454 ;?ICS?lstr8_MyProject+1
0x03DD	0x3441 ;?ICS?lstr8_MyProject+2
0x03DE	0x3452 ;?ICS?lstr8_MyProject+3
0x03DF	0x3454 ;?ICS?lstr8_MyProject+4
0x03E0	0x3400 ;?ICS?lstr8_MyProject+5
; end of ?ICS?lstr8_MyProject
;MyProject.c,0 :: ?ICS?lstr11_MyProject
0x03E1	0x3445 ;?ICS?lstr11_MyProject+0
0x03E2	0x3452 ;?ICS?lstr11_MyProject+1
0x03E3	0x3441 ;?ICS?lstr11_MyProject+2
0x03E4	0x3453 ;?ICS?lstr11_MyProject+3
0x03E5	0x3445 ;?ICS?lstr11_MyProject+4
0x03E6	0x3400 ;?ICS?lstr11_MyProject+5
; end of ?ICS?lstr11_MyProject
;MyProject.c,0 :: ?ICS?lstr14_MyProject
0x03E7	0x3453 ;?ICS?lstr14_MyProject+0
0x03E8	0x3454 ;?ICS?lstr14_MyProject+1
0x03E9	0x3441 ;?ICS?lstr14_MyProject+2
0x03EA	0x3452 ;?ICS?lstr14_MyProject+3
0x03EB	0x3454 ;?ICS?lstr14_MyProject+4
0x03EC	0x3400 ;?ICS?lstr14_MyProject+5
; end of ?ICS?lstr14_MyProject
;MyProject.c,0 :: ?ICS?lstr13_MyProject
0x03ED	0x3453 ;?ICS?lstr13_MyProject+0
0x03EE	0x3454 ;?ICS?lstr13_MyProject+1
0x03EF	0x3441 ;?ICS?lstr13_MyProject+2
0x03F0	0x3452 ;?ICS?lstr13_MyProject+3
0x03F1	0x3454 ;?ICS?lstr13_MyProject+4
0x03F2	0x3400 ;?ICS?lstr13_MyProject+5
; end of ?ICS?lstr13_MyProject
;MyProject.c,0 :: ?ICS?lstr12_MyProject
0x03F3	0x3453 ;?ICS?lstr12_MyProject+0
0x03F4	0x3454 ;?ICS?lstr12_MyProject+1
0x03F5	0x3441 ;?ICS?lstr12_MyProject+2
0x03F6	0x3452 ;?ICS?lstr12_MyProject+3
0x03F7	0x3454 ;?ICS?lstr12_MyProject+4
0x03F8	0x3400 ;?ICS?lstr12_MyProject+5
; end of ?ICS?lstr12_MyProject
Symbol List:
//** Routines locations **
//ADDRESS    SIZE    PROCEDURE
//----------------------------------------------
0x0003       [3]    _Delay_1us
0x0006       [7]    _Delay_50us
0x000D      [13]    _Delay_5500us
0x001A      [94]    _Lcd_Cmd
0x0078      [22]    _strlen
0x008E      [43]    _strncmp
0x00B9       [9]    _Lcd_Chr_CP
0x00C2      [23]    _strchr
0x00D9       [7]    _____DoICP
0x00E0      [44]    _strstr
0x010C      [65]    _Lcd_Out
0x014D      [11]    _UART1_Read
0x0158      [32]    _strcmp
0x0178      [12]    ___CC2DW
0x0184      [16]    _UART1_Init
0x0194      [27]    _strcpy
0x01AF      [79]    _Lcd_Init
0x01FE       [7]    _UART1_Data_Ready
0x0205     [391]    _main
//** Variables locations ** 
//ADDRESS    SIZE    VARIABLE
//----------------------------------------------
0x0000       [1]    INDF
0x0002       [1]    PCL
0x0003       [1]    STATUS
0x0004       [1]    FSR
0x0008       [0]    RD3_bit
0x0008       [0]    RD2_bit
0x0008       [0]    RD4_bit
0x0008       [0]    RD5_bit
0x0008       [0]    LCD_D4
0x0008       [0]    LCD_D5
0x0008       [0]    LCD_RS
0x0008       [0]    LCD_EN
0x0008       [0]    RD0_bit
0x0008       [0]    RD1_bit
0x0008       [0]    LCD_D6
0x0008       [0]    LCD_D7
0x000A       [1]    PCLATH
0x000C       [1]    PIR1
0x0018       [1]    RCSTA
0x001A       [1]    RCREG
0x0020       [4]    ?lstr3_MyProject
0x0024       [4]    ?lstr2_MyProject
0x0028       [4]    ?lstr1_MyProject
0x002C       [6]    ?lstr4_MyProject
0x0032       [6]    ?lstr7_MyProject
0x0038       [6]    ?lstr6_MyProject
0x003E       [6]    ?lstr5_MyProject
0x0044       [4]    ?lstr17_MyProject
0x0048       [6]    ?lstr16_MyProject
0x004E       [6]    ?lstr15_MyProject
0x0054       [4]    ?lstr18_MyProject
0x0058       [1]    ?lstr20_MyProject
0x0059       [4]    ?lstr19_MyProject
0x005D       [6]    ?lstr10_MyProject
0x0063       [6]    ?lstr9_MyProject
0x0069       [6]    ?lstr8_MyProject
0x006F       [1]    _uart_rd
0x0070       [1]    R0
0x0071       [1]    R1
0x0072       [1]    R2
0x0073       [1]    R3
0x0074       [1]    R4
0x0075       [1]    R5
0x0076       [1]    R6
0x0077       [1]    R7
0x0078       [1]    R8
0x0079       [1]    R9
0x007A       [1]    R10
0x007B       [1]    R11
0x007C       [1]    R12
0x007D       [1]    R13
0x007E       [1]    R14
0x007F       [1]    R15
0x0087       [0]    TRISC6_bit
0x0087       [0]    TRISC7_bit
0x0088       [0]    TRISD0_bit
0x0088       [0]    TRISD1_bit
0x0088       [0]    LCD_D4_Direction
0x0088       [0]    TRISD5_bit
0x0088       [0]    TRISD3_bit
0x0088       [0]    LCD_RS_Direction
0x0088       [0]    LCD_EN_Direction
0x0088       [0]    TRISD4_bit
0x0088       [0]    LCD_D5_Direction
0x0088       [0]    TRISD2_bit
0x0088       [0]    LCD_D7_Direction
0x0088       [0]    LCD_D6_Direction
0x0098       [1]    TXSTA
0x0099       [1]    SPBRG
0x009A       [1]    SPBRGH
0x00A0       [6]    ?lstr11_MyProject
0x00A6       [6]    ?lstr14_MyProject
0x00AC       [6]    ?lstr13_MyProject
0x00B2       [6]    ?lstr12_MyProject
0x00B8       [2]    ___DoICPAddr
0x00BA      [15]    _string
0x00C9       [2]    _i
0x00CB       [0]    __Lib_Lcd_cmd_status
0x00CC       [1]    FARG_Lcd_Out_row
0x00CC       [1]    FARG_strcpy_to
0x00CC       [1]    FARG_strcmp_s1
0x00CC       [1]    FARG_strstr_s1
0x00CD       [1]    FARG_Lcd_Out_column
0x00CD       [1]    FARG_strcpy_from
0x00CD       [1]    FARG_strstr_s2
0x00CD       [1]    FARG_strcmp_s2
0x00CE       [1]    FARG_Lcd_Out_text
0x00CF       [1]    Lcd_Out_i_L0
0x00D0       [1]    FARG_Lcd_Chr_CP_out_char
0x00D0       [1]    FARG_strncmp_s1
0x00D0       [1]    FARG_strlen_s
0x00D0       [1]    FARG_strchr_ptr
0x00D1       [1]    FARG_strncmp_s2
0x00D1       [1]    FARG_strchr_chr
0x00D2       [1]    FARG_strncmp_len
0x00D3       [1]    FARG_Lcd_Cmd_out_char
//** Constants locations ** 
//ADDRESS    SIZE    CONSTANT
//----------------------------------------------
0x0392       [4]    ?ICS?lstr3_MyProject
0x0396       [4]    ?ICS?lstr2_MyProject
0x039A       [4]    ?ICS?lstr1_MyProject
0x039E       [6]    ?ICS?lstr4_MyProject
0x03A4       [6]    ?ICS?lstr7_MyProject
0x03AA       [6]    ?ICS?lstr6_MyProject
0x03B0       [6]    ?ICS?lstr5_MyProject
0x03B6       [4]    ?ICS?lstr17_MyProject
0x03BA       [6]    ?ICS?lstr16_MyProject
0x03C0       [6]    ?ICS?lstr15_MyProject
0x03C6       [4]    ?ICS?lstr18_MyProject
0x03CA       [1]    ?ICS?lstr20_MyProject
0x03CB       [4]    ?ICS?lstr19_MyProject
0x03CF       [6]    ?ICS?lstr10_MyProject
0x03D5       [6]    ?ICS?lstr9_MyProject
0x03DB       [6]    ?ICS?lstr8_MyProject
0x03E1       [6]    ?ICS?lstr11_MyProject
0x03E7       [6]    ?ICS?lstr14_MyProject
0x03ED       [6]    ?ICS?lstr13_MyProject
0x03F3       [6]    ?ICS?lstr12_MyProject
//** Label List: ** 
//----------------------------------------------
  L_main0
  L_main1
  L_main2
  L_main3
  L_main4
  L_main5
  L_main6
  L_main7
  L_main8
  L_main9
  L_main10
  L_main11
  L_main12
  L_main13
  L_main14
  L_main15
  L_main16
  L_main17
  L_main18
  L_main19
  L_main20
  L_main21
  L_main22
  L_main23
  L_main24
  L_main25
  L_main26
  L_main27
  L_main28
  L_main29
  L_main30
  L_main31
  L_main32
  L_main33
  L__main34
  L__main35
  L_end_main
  _main
  L__main37
  L__main38
  L__main39
  L__main40
  L__main41
  L__main42
  L__main43
  L__main44
  L__main45
  L_memchr0
  L_memchr1
  L_memchr2
  L_memchr3
  L_memcmp4
  L_memcmp5
  L_memcmp6
  L_memcpy7
  L_memcpy8
  L_memmove9
  L_memmove10
  L_memmove11
  L_memmove12
  L_memmove13
  L_memmove14
  L_memmove15
  L_memmove16
  L_memmove17
  L_memmove18
  L_memmove19
  L_memset20
  L_memset21
  L_strcat22
  L_strcat23
  L_strcat24
  L_strcat25
  L_strchr26
  L_strchr27
  L_strchr28
  L_strchr29
  L_strcmp30
  L_strcmp31
  L_strcmp32
  L_strcmp33
  L_strcpy34
  L_strcpy35
  L_strlen36
  L_strlen37
  L_strncat38
  L_strncat39
  L_strncat40
  L_strncat41
  L_strncat42
  L_strncat43
  L_strncat44
  L_strncpy45
  L_strncpy46
  L_strncpy47
  L_strncpy48
  L_strncpy49
  L_strspn50
  L_strspn51
  L_strspn52
  L_strspn53
  L_strcspn54
  L_strcspn55
  L_strcspn56
  L_strcspn57
  L_strncmp58
  L_strncmp59
  L_strncmp60
  L_strncmp61
  L_strncmp62
  L_strpbrk63
  L_strpbrk64
  L_strpbrk65
  L_strrchr66
  L_strrchr67
  L_strrchr68
  L_strrchr69
  L_strstr70
  L_strstr71
  L_strstr72
  L_strstr73
  L_strstr74
  L_strtok75
  L_strtok76
  L_strtok77
  L_strtok78
  L_strtok79
  L__memmove80
  L__strcmp81
  L__strncat82
  L__strspn83
  L__strcspn84
  L__strncmp85
  L__strstr86
  L_end_memchr
  _memchr
  L_end_memcmp
  _memcmp
  L__memcmp89
  L_end_memcpy
  _memcpy
  L_end_memmove
  _memmove
  L_end_memset
  _memset
  L_end_strcat
  _strcat
  L_end_strchr
  _strchr
  L_end_strcmp
  _strcmp
  L_end_strcpy
  _strcpy
  L_end_strlen
  _strlen
  L_end_strncat
  _strncat
  L__strncat99
  L_end_strncpy
  _strncpy
  L_end_strspn
  _strspn
  L_end_strcspn
  _strcspn
  L_end_strncmp
  _strncmp
  L_end_strpbrk
  _strpbrk
  L_end_strrchr
  _strrchr
  L_end_strstr
  _strstr
  L__strstr107
  L_end_strtok
  _strtok
  L_Delay_10us0
  L_Delay_22us1
  L_Delay_50us2
  L_Delay_80us3
  L_Delay_500us4
  L_Delay_5500us5
  L_Delay_1ms6
  L_Delay_5ms7
  L_Delay_8ms8
  L_Delay_10ms9
  L_Delay_100ms10
  L_Delay_1sec11
  L_boot16_Delay_5ms12
  L_Delay_Cyc13
  L_Delay_Cyc14
  L_VDelay_ms15
  L_VDelay_ms16
  L_VDelay_ms17
  L_VDelay_Advanced_ms18
  L_VDelay_Advanced_ms19
  L_VDelay_Advanced_ms20
  L_end_Get_Fosc_kHz
  _Get_Fosc_kHz
  L_end_Delay_1us
  _Delay_1us
  L_end_Delay_10us
  _Delay_10us
  L_end_Delay_22us
  _Delay_22us
  L_end_Delay_50us
  _Delay_50us
  L_end_Delay_80us
  _Delay_80us
  L_end_Delay_500us
  _Delay_500us
  L_end_Delay_5500us
  _Delay_5500us
  L_end_Delay_1ms
  _Delay_1ms
  L_end_Delay_5ms
  _Delay_5ms
  L_end_Delay_8ms
  _Delay_8ms
  L_end_Delay_10ms
  _Delay_10ms
  L_end_Delay_100ms
  _Delay_100ms
  L_end_Delay_1sec
  _Delay_1sec
  L_end_boot16_Delay_5ms
  _boot16_Delay_5ms
  L_end_Delay_Cyc
  _Delay_Cyc
  L_end_VDelay_ms
  _VDelay_ms
  L__VDelay_ms38
  L__VDelay_ms39
  L__VDelay_ms40
  L_end_VDelay_Advanced_ms
  _VDelay_Advanced_ms
  L__VDelay_Advanced_ms42
  L__VDelay_Advanced_ms43
  L__VDelay_Advanced_ms44
  L_Lcd_Cmd0
  L_Lcd_Cmd1
  L_Lcd_Out_CP2
  L_Lcd_Out_CP3
  L_Lcd_Chr4
  L_Lcd_Chr5
  L_Lcd_Chr6
  L_Lcd_Chr7
  L_Lcd_Chr8
  L_Lcd_Chr9
  L_Lcd_Chr10
  L_Lcd_Out11
  L_Lcd_Out12
  L_Lcd_Out13
  L_Lcd_Out14
  L_Lcd_Out15
  L_Lcd_Out16
  L_Lcd_Out17
  L_Lcd_Out18
  L_Lcd_Out19
  L_end_Lcd_Cmd
  _Lcd_Cmd
  L__Lcd_Cmd21
  L__Lcd_Cmd22
  L__Lcd_Cmd23
  L__Lcd_Cmd24
  L__Lcd_Cmd25
  L__Lcd_Cmd26
  L__Lcd_Cmd27
  L__Lcd_Cmd28
  L__Lcd_Cmd29
  L__Lcd_Cmd30
  L__Lcd_Cmd31
  L__Lcd_Cmd32
  L__Lcd_Cmd33
  L__Lcd_Cmd34
  L__Lcd_Cmd35
  L__Lcd_Cmd36
  L__Lcd_Cmd37
  L__Lcd_Cmd38
  L__Lcd_Cmd39
  L__Lcd_Cmd40
  L_end_Lcd_Chr_CP
  _Lcd_Chr_CP
  L_end_Lcd_Out_CP
  _Lcd_Out_CP
  L_end_Lcd_Chr
  _Lcd_Chr
  L_end_Lcd_Init
  _Lcd_Init
  L_end_Lcd_Out
  _Lcd_Out
  L_loopCA2AWs
  L_CA2AWend
  _CCA2AW_Loop1
  L_loopCS2Ss
  L_CS2Send
  _CCS2S_Loop1
  L_CCS2Send
  L_loopFZinSWs
  L_FZinSend
  _CC2D_Loop1
  L_end_____DoICP
  _____DoICP
  L_end_____DoIFC
  _____DoIFC
  L_end___CA2AW
  ___CA2AW
  L_end___CCA2AW
  ___CCA2AW
  L_end___CS2S
  ___CS2S
  L_end___CCS2S
  ___CCS2S
  L_end___FZinS
  ___FZinS
  L_end___CC2DW
  ___CC2DW
  L_end_Swap
  _Swap
  L_UART1_Init0
  L_UART1_Init1
  L_UART1_Read2
  L_UART1_Write3
  L_UART1_Write4
  L_UART1_Write_Text5
  L_UART1_Write_Text6
  L_UART1_Read_Text7
  L_UART1_Read_Text8
  L_UART1_Read_Text9
  L_UART1_Read_Text10
  L_UART1_Read_Text11
  L_UART1_Read_Text12
  L_UART1_Read_Text13
  L_UART1_Read_Text14
  L_UART1_Read_Text15
  L_end_UART1_Init
  _UART1_Init
  L_end_UART1_Data_Ready
  _UART1_Data_Ready
  L_end_UART1_Read
  _UART1_Read
  L_end_UART1_Tx_Idle
  _UART1_Tx_Idle
  L_end_UART1_Write
  _UART1_Write
  L_end_UART1_Write_Text
  _UART1_Write_Text
  L_end_UART1_Read_Text
  _UART1_Read_Text
